Загрузка начата (13:59:42, Июнь 2, 2019)

Ошибка (HTTP код 404) - 'https://vchim0.wixsite.com/sitemap.xml'
Ошибка (HTTP код 404) - 'https://vchim0.wixsite.com/feed.xml'
Ошибка (HTTP код 404) - 'https://vchim0.wixsite.com////static.wixstatic.com//'
Ошибка (HTTP код 404) - 'https://vchim0.wixsite.com////staticorigin.wixstatic.com//'
Ошибка (HTTP код 404) - 'https://vchim0.wixsite.com/sites//{filename}.z?v=3'
Ошибка (HTTP код 404) - 'https://vchim0.wixsite.com////fallback.wix.com//'
Ошибка (HTTP код 404) - 'https://vchim0.wixsite.com/b2c0a7_584d284bf9b9415dafa44c0402550dca.png'
Ошибка (HTTP код 404) - 'https://vchim0.wixsite.com/b2c0a7_35be5594eba34295bc74466c0722fa47.png'
Ошибка (HTTP код 404) - 'https://vchim0.wixsite.com/b2c0a7_53a6abff513b41b7a6c2d48992fc5014.jpg'
Ошибка (HTTP код 404) - 'https://vchim0.wixsite.com/3d84bae5ad4d4d8a96de15e9f4b79a08.svg'
Ошибка (HTTP код 404) - 'https://vchim0.wixsite.com/mysite-2/robots.txt'
Ошибка (HTTP код 404) - 'https://vchim0.wixsite.com/mysite-2/b2c0a7_584d284bf9b9415dafa44c0402550dca.png'
Ошибка (HTTP код 404) - 'https://vchim0.wixsite.com/mysite-2/b2c0a7_53a6abff513b41b7a6c2d48992fc5014.jpg'
Ошибка (HTTP код 404) - 'https://vchim0.wixsite.com/mysite-2/b2c0a7_35be5594eba34295bc74466c0722fa47.png'
Ошибка (HTTP код 404) - 'https://vchim0.wixsite.com/mysite-2/gallery.png'
Ошибка (HTTP код 404) - 'https://vchim0.wixsite.com/mysite-2/3d84bae5ad4d4d8a96de15e9f4b79a08.svg'
Ошибка (HTTP код 404) - 'https://vchim0.wixsite.com/mysite-2/3f096998c4164f98ab6bf76f1435633d.jpg'
Ошибка (HTTP код 404) - 'https://vchim0.wixsite.com/mysite-2/feed.xml'
Ошибка (HTTP код 404) - 'https://vchim0.wixsite.com/mysite-2/sites//{filename}.z?v=3'
Ошибка (HTTP код 404) - 'https://vchim0.wixsite.com/mysite-2/eyJhbGciOiJIUzI1NiJ9.eyJpc3MiOiJhcHA6MzQ2NjQ5MDcwMDI5NzIwNiIsInN1YiI6InVzZXI6MDE3OThkYjQtMTBmMi00ZGIzLTlhMzEtYzZiOWJlY2JhNTM3IiwiYXVkIjoidXJuOnNlcnZpY2U6ZmlsZS51cGxvYWQiLCJleHAiOjE1NjAwNzgwMDYsImlhdCI6MTU1OTQ3MzIwNiwianRpIjoiODUxSmRmZ21VS2NoOFpQc3h2U2tRUSJ9.ZU_1TGgA5I1yJJ2EAmiG0Mc3V7xtZKKa0hs2o6mjshA'
Ошибка (HTTP код 404) - 'https://vchim0.wixsite.com/mysite-2/84770f_190471dfe7fd4647a9a969ac36592881.jpg'

Загрузка завершена (14:00:12, Июнь 2, 2019)

Отчет:
 Количество файлов: 15        Полный размер: 686.2 KБ
